[13-Jan-2014 00:10:33 Europe/London] PHP Fatal error:  Call to undefined function get_header() in /usr/home/customers/travelguide/www.essentialworld.travel/www/wp-content/themes/listings/index.php on line 1
[20-Jan-2014 22:32:45 Europe/London] PHP Fatal error:  Call to undefined function get_header() in /usr/home/customers/travelguide/www.essentialworld.travel/www/wp-content/themes/listings/index.php on line 1
[21-Jan-2014 23:06:16 Europe/London] PHP Fatal error:  Call to undefined function get_header() in /usr/home/customers/travelguide/www.essentialworld.travel/www/wp-content/themes/listings/404.php on line 1
[22-Jan-2014 00:00:44 Europe/London] PHP Fatal error:  Call to undefined function get_header() in /usr/home/customers/travelguide/www.essentialworld.travel/www/wp-content/themes/listings/404.php on line 1
[22-Jan-2014 08:35:58 Europe/London] PHP Fatal error:  Call to undefined function get_header() in /usr/home/customers/travelguide/www.essentialworld.travel/www/wp-content/themes/listings/404.php on line 1
[22-Jan-2014 11:28:11 Europe/London] PHP Fatal error:  Call to undefined function get_header() in /usr/home/customers/travelguide/www.essentialworld.travel/www/wp-content/themes/listings/404.php on line 1
[22-Jan-2014 17:58:38 Europe/London] PHP Fatal error:  Call to undefined function get_header() in /usr/home/customers/travelguide/www.essentialworld.travel/www/wp-content/themes/listings/index.php on line 1
[23-Jan-2014 03:01:19 Europe/London] PHP Fatal error:  Call to undefined function get_header() in /usr/home/customers/travelguide/www.essentialworld.travel/www/wp-content/themes/listings/index.php on line 1
[03-Feb-2014 06:47:05 Europe/London] PHP Fatal error:  Call to undefined function get_header() in /usr/home/customers/travelguide/www.essentialworld.travel/www/wp-content/themes/listings/index.php on line 1
[12-Feb-2014 11:13:21 Europe/London] PHP Fatal error:  Call to undefined function get_header() in /usr/home/customers/travelguide/www.essentialworld.travel/www/wp-content/themes/listings/index.php on line 1
[18-Feb-2014 09:21:52 Europe/London] PHP Fatal error:  Call to undefined function get_header() in /usr/home/customers/travelguide/www.essentialworld.travel/www/wp-content/themes/listings/index.php on line 1
[20-Feb-2014 01:20:24 Europe/London] PHP Fatal error:  Call to undefined function get_header() in /usr/home/customers/travelguide/www.essentialworld.travel/www/wp-content/themes/listings/index.php on line 1
[20-Feb-2014 18:18:31 Europe/London] PHP Fatal error:  Call to undefined function get_header() in /usr/home/customers/travelguide/www.essentialworld.travel/www/wp-content/themes/listings/index.php on line 1
[03-Mar-2014 13:49:12 Europe/London] PHP Fatal error:  Call to undefined function get_header() in /usr/home/customers/travelguide/www.essentialworld.travel/www/wp-content/themes/listings/index.php on line 1
[03-Mar-2014 13:49:41 Europe/London] PHP Fatal error:  Call to undefined function get_header() in /usr/home/customers/travelguide/www.essentialworld.travel/www/wp-content/themes/listings/single-hotels.php on line 3
[17-Mar-2014 09:58:44 Europe/London] PHP Fatal error:  Call to undefined function get_header() in /usr/home/customers/travelguide/www.essentialworld.travel/www/wp-content/themes/listings/index.php on line 1
[17-Mar-2014 09:58:44 Europe/London] PHP Fatal error:  Call to undefined function get_header() in /usr/home/customers/travelguide/www.essentialworld.travel/www/wp-content/themes/listings/index.php on line 1
[24-Mar-2014 11:56:23 Europe/London] PHP Fatal error:  Call to undefined function get_header() in /usr/home/customers/travelguide/www.essentialworld.travel/www/wp-content/themes/listings/index.php on line 1
[24-Mar-2014 11:56:23 Europe/London] PHP Fatal error:  Call to undefined function get_header() in /usr/home/customers/travelguide/www.essentialworld.travel/www/wp-content/themes/listings/index.php on line 1
[24-Mar-2014 11:57:50 Europe/London] PHP Fatal error:  Call to undefined function get_header() in /usr/home/customers/travelguide/www.essentialworld.travel/www/wp-content/themes/listings/index.php on line 1
[24-Mar-2014 11:57:50 Europe/London] PHP Fatal error:  Call to undefined function get_header() in /usr/home/customers/travelguide/www.essentialworld.travel/www/wp-content/themes/listings/index.php on line 1
[17-Apr-2014 14:40:32 Europe/London] PHP Fatal error:  Call to undefined function get_header() in /usr/home/customers/travelguide/www.essentialworld.travel/www/wp-content/themes/listings/index.php on line 1
[26-Apr-2014 23:18:15 Europe/London] PHP Fatal error:  Call to undefined function get_header() in /usr/home/customers/travelguide/www.essentialworld.travel/www/wp-content/themes/listings/index.php on line 1
[09-May-2014 10:09:34 Europe/London] PHP Fatal error:  Call to undefined function get_header() in /usr/home/customers/travelguide/www.essentialworld.travel/www/wp-content/themes/listings/index.php on line 1
[12-May-2014 11:45:37 Europe/London] PHP Fatal error:  Call to undefined function get_header() in /usr/home/customers/travelguide/www.essentialworld.travel/www/wp-content/themes/listings/index.php on line 1
[18-May-2014 02:00:48 Europe/London] PHP Fatal error:  Call to undefined function get_header() in /usr/home/customers/travelguide/www.essentialworld.travel/www/wp-content/themes/listings/index.php on line 1
[06-Jun-2014 00:58:41 Europe/London] PHP Fatal error:  Call to undefined function get_header() in /home/customers/travelguide/www.essentialworld.travel/www/wp-content/themes/listings/index.php on line 1
[26-Jun-2014 22:47:10 Europe/London] PHP Fatal error:  Call to undefined function get_header() in /home/customers/travelguide/www.essentialworld.travel/www/wp-content/themes/listings/index.php on line 1
[11-Jul-2014 05:45:54 Europe/London] PHP Fatal error:  Call to undefined function get_header() in /home/customers/travelguide/www.essentialworld.travel/www/wp-content/themes/listings/index.php on line 1
